<?xml version="1.0" encoding="UTF-8"?>
<!-- Generated by org.testng.reporters.JUnitXMLReporter -->
<testsuite hostname="DESKTOP-6R4TCBS" ignored="0" name="Test" tests="2" failures="1" timestamp="14 Apr 2019 03:52:51 GMT" time="15.002" errors="0">
  <testcase name="homepagenavigation" time="5.486" classname="Coolwinks.JRSglassesCheckout"/>
  <testcase name="JRScheckout" time="5.139" classname="Coolwinks.JRSglassesCheckout">
    <failure type="java.lang.AssertionError" message="expected [true] but found [false]">
      <![CDATA[java.lang.AssertionError: expected [true] but found [false]
at Coolwinks.JRSglassesCheckout.gotoSunglassesPage(JRSglassesCheckout.java:59)
at Coolwinks.JRSglassesCheckout.JRScheckout(JRSglassesCheckout.java:71)
... Removed 29 stack frames]]>
    </failure>
  </testcase> <!-- JRScheckout -->
</testsuite> <!-- Test -->
