<?xml version="1.0" encoding="UTF-8"?>
<testng-results skipped="0" failed="1" ignored="0" total="2" passed="1">
  <reporter-output>
  </reporter-output>
  <suite name="Suite" duration-ms="15002" started-at="2019-04-14T03:52:36Z" finished-at="2019-04-14T03:52:51Z">
    <groups>
    </groups>
    <test name="Test" duration-ms="15002" started-at="2019-04-14T03:52:36Z" finished-at="2019-04-14T03:52:51Z">
      <class name="Coolwinks.JRSglassesCheckout">
        <test-method status="PASS" signature="init()[pri:0, instance:Coolwinks.JRSglassesCheckout@13deb50e]" name="init" is-config="true" duration-ms="3598" started-at="2019-04-14T03:52:36Z" finished-at="2019-04-14T03:52:40Z">
          <reporter-output>
          </reporter-output>
        </test-method> <!-- init -->
        <test-method status="PASS" signature="homepagenavigation()[pri:0, instance:Coolwinks.JRSglassesCheckout@13deb50e]" name="homepagenavigation" duration-ms="5486" started-at="2019-04-14T03:52:40Z" finished-at="2019-04-14T03:52:45Z">
          <reporter-output>
          </reporter-output>
        </test-method> <!-- homepagenavigation -->
        <test-method status="FAIL" signature="JRScheckout()[pri:0, instance:Coolwinks.JRSglassesCheckout@13deb50e]" name="JRScheckout" duration-ms="5139" started-at="2019-04-14T03:52:45Z" depends-on-methods="Coolwinks.JRSglassesCheckout.homepagenavigation" finished-at="2019-04-14T03:52:50Z">
          <exception class="java.lang.AssertionError">
            <message>
              <![CDATA[expected [true] but found [false]]]>
            </message>
            <full-stacktrace>
              <![CDATA[java.lang.AssertionError: expected [true] but found [false]
at org.testng.Assert.fail(Assert.java:96)
at org.testng.Assert.failNotEquals(Assert.java:776)
at org.testng.Assert.assertTrue(Assert.java:44)
at org.testng.Assert.assertTrue(Assert.java:54)
at Coolwinks.JRSglassesCheckout.gotoSunglassesPage(JRSglassesCheckout.java:59)
at Coolwinks.JRSglassesCheckout.JRScheckout(JRSglassesCheckout.java:71)
at sun.reflect.NativeMethodAccessorImpl.invoke0(Native Method)
at sun.reflect.NativeMethodAccessorImpl.invoke(NativeMethodAccessorImpl.java:62)
at sun.reflect.DelegatingMethodAccessorImpl.invoke(DelegatingMethodAccessorImpl.java:43)
at java.lang.reflect.Method.invoke(Method.java:498)
at org.testng.internal.MethodInvocationHelper.invokeMethod(MethodInvocationHelper.java:124)
at org.testng.internal.Invoker.invokeMethod(Invoker.java:583)
at org.testng.internal.Invoker.invokeTestMethod(Invoker.java:719)
at org.testng.internal.Invoker.invokeTestMethods(Invoker.java:989)
at org.testng.internal.TestMethodWorker.invokeTestMethods(TestMethodWorker.java:125)
at org.testng.internal.TestMethodWorker.run(TestMethodWorker.java:109)
at org.testng.TestRunner.privateRun(TestRunner.java:648)
at org.testng.TestRunner.run(TestRunner.java:505)
at org.testng.SuiteRunner.runTest(SuiteRunner.java:455)
at org.testng.SuiteRunner.runSequentially(SuiteRunner.java:450)
at org.testng.SuiteRunner.privateRun(SuiteRunner.java:415)
at org.testng.SuiteRunner.run(SuiteRunner.java:364)
at org.testng.SuiteRunnerWorker.runSuite(SuiteRunnerWorker.java:52)
at org.testng.SuiteRunnerWorker.run(SuiteRunnerWorker.java:84)
at org.testng.TestNG.runSuitesSequentially(TestNG.java:1208)
at org.testng.TestNG.runSuitesLocally(TestNG.java:1137)
at org.testng.TestNG.runSuites(TestNG.java:1049)
at org.testng.TestNG.run(TestNG.java:1017)
at org.testng.remote.AbstractRemoteTestNG.run(AbstractRemoteTestNG.java:114)
at org.testng.remote.RemoteTestNG.initAndRun(RemoteTestNG.java:251)
at org.testng.remote.RemoteTestNG.main(RemoteTestNG.java:77)
]]>
            </full-stacktrace>
          </exception> <!-- java.lang.AssertionError -->
          <reporter-output>
          </reporter-output>
        </test-method> <!-- JRScheckout -->
        <test-method status="PASS" signature="teardown()[pri:0, instance:Coolwinks.JRSglassesCheckout@13deb50e]" name="teardown" is-config="true" duration-ms="738" started-at="2019-04-14T03:52:50Z" finished-at="2019-04-14T03:52:51Z">
          <reporter-output>
          </reporter-output>
        </test-method> <!-- teardown -->
      </class> <!-- Coolwinks.JRSglassesCheckout -->
    </test> <!-- Test -->
  </suite> <!-- Suite -->
</testng-results>
